{"/home/marco/Área de Trabalho/driven/chega-logo/chega-logo-api/src/config/dataBase.ts": {"path":"/home/marco/Área de Trabalho/driven/chega-logo/chega-logo-api/src/config/dataBase.ts","statementMap":{"0":{"start":{"line":3,"column":25},"end":{"line":3,"column":28}},"1":{"start":{"line":4,"column":22},"end":{"line":4,"column":40}}},"fnMap":{},"branchMap":{},"s":{"0":4,"1":4},"f":{},"b":{}}
,"/home/marco/Área de Trabalho/driven/chega-logo/chega-logo-api/src/repositories/placesRepository.ts": {"path":"/home/marco/Área de Trabalho/driven/chega-logo/chega-logo-api/src/repositories/placesRepository.ts","statementMap":{"0":{"start":{"line":5,"column":4},"end":{"line":8,"column":null}},"1":{"start":{"line":12,"column":4},"end":{"line":14,"column":null}},"2":{"start":{"line":18,"column":4},"end":{"line":20,"column":null}},"3":{"start":{"line":24,"column":4},"end":{"line":26,"column":null}}},"fnMap":{"0":{"name":"findAllPlaces","decl":{"start":{"line":4,"column":15},"end":{"line":4,"column":28}},"loc":{"start":{"line":4,"column":56},"end":{"line":9,"column":null}}},"1":{"name":"findPlaceById","decl":{"start":{"line":11,"column":15},"end":{"line":11,"column":28}},"loc":{"start":{"line":11,"column":39},"end":{"line":15,"column":null}}},"2":{"name":"createPlaceDb","decl":{"start":{"line":17,"column":15},"end":{"line":17,"column":28}},"loc":{"start":{"line":17,"column":48},"end":{"line":21,"column":null}}},"3":{"name":"deletePlaceById","decl":{"start":{"line":23,"column":15},"end":{"line":23,"column":30}},"loc":{"start":{"line":23,"column":33},"end":{"line":27,"column":null}}}},"branchMap":{},"s":{"0":0,"1":0,"2":1,"3":0},"f":{"0":0,"1":0,"2":1,"3":0},"b":{}}
,"/home/marco/Área de Trabalho/driven/chega-logo/chega-logo-api/src/repositories/revenuesRepository.ts": {"path":"/home/marco/Área de Trabalho/driven/chega-logo/chega-logo-api/src/repositories/revenuesRepository.ts","statementMap":{"0":{"start":{"line":4,"column":4},"end":{"line":6,"column":null}},"1":{"start":{"line":10,"column":4},"end":{"line":13,"column":null}}},"fnMap":{"0":{"name":"createRevenue","decl":{"start":{"line":3,"column":15},"end":{"line":3,"column":28}},"loc":{"start":{"line":3,"column":58},"end":{"line":7,"column":null}}},"1":{"name":"getBalanceByMonthYear","decl":{"start":{"line":9,"column":15},"end":{"line":9,"column":36}},"loc":{"start":{"line":9,"column":64},"end":{"line":14,"column":null}}}},"branchMap":{},"s":{"0":0,"1":0},"f":{"0":0,"1":0},"b":{}}
,"/home/marco/Área de Trabalho/driven/chega-logo/chega-logo-api/src/repositories/trucksRepository.ts": {"path":"/home/marco/Área de Trabalho/driven/chega-logo/chega-logo-api/src/repositories/trucksRepository.ts","statementMap":{"0":{"start":{"line":5,"column":4},"end":{"line":7,"column":null}},"1":{"start":{"line":11,"column":4},"end":{"line":17,"column":null}},"2":{"start":{"line":21,"column":4},"end":{"line":23,"column":null}},"3":{"start":{"line":27,"column":4},"end":{"line":30,"column":null}}},"fnMap":{"0":{"name":"findTruckByLicensePlate","decl":{"start":{"line":4,"column":15},"end":{"line":4,"column":38}},"loc":{"start":{"line":4,"column":59},"end":{"line":8,"column":null}}},"1":{"name":"upsertTruck","decl":{"start":{"line":10,"column":15},"end":{"line":10,"column":26}},"loc":{"start":{"line":10,"column":45},"end":{"line":18,"column":null}}},"2":{"name":"deleteTruckByLicensePlate","decl":{"start":{"line":20,"column":15},"end":{"line":20,"column":40}},"loc":{"start":{"line":20,"column":61},"end":{"line":24,"column":null}}},"3":{"name":"findAllTrucks","decl":{"start":{"line":26,"column":15},"end":{"line":26,"column":28}},"loc":{"start":{"line":26,"column":58},"end":{"line":31,"column":null}}}},"branchMap":{},"s":{"0":0,"1":0,"2":0,"3":0},"f":{"0":0,"1":0,"2":0,"3":0},"b":{}}
,"/home/marco/Área de Trabalho/driven/chega-logo/chega-logo-api/src/repositories/userRepository.ts": {"path":"/home/marco/Área de Trabalho/driven/chega-logo/chega-logo-api/src/repositories/userRepository.ts","statementMap":{"0":{"start":{"line":5,"column":4},"end":{"line":7,"column":null}},"1":{"start":{"line":11,"column":4},"end":{"line":13,"column":null}}},"fnMap":{"0":{"name":"findUserByName","decl":{"start":{"line":4,"column":15},"end":{"line":4,"column":29}},"loc":{"start":{"line":4,"column":46},"end":{"line":8,"column":null}}},"1":{"name":"createUser","decl":{"start":{"line":10,"column":15},"end":{"line":10,"column":25}},"loc":{"start":{"line":10,"column":42},"end":{"line":14,"column":null}}}},"branchMap":{},"s":{"0":0,"1":0},"f":{"0":0,"1":0},"b":{}}
,"/home/marco/Área de Trabalho/driven/chega-logo/chega-logo-api/src/services/authService.ts": {"path":"/home/marco/Área de Trabalho/driven/chega-logo/chega-logo-api/src/services/authService.ts","statementMap":{"0":{"start":{"line":8,"column":17},"end":{"line":8,"column":62}},"1":{"start":{"line":9,"column":4},"end":{"line":9,"column":null}},"2":{"start":{"line":9,"column":14},"end":{"line":9,"column":null}},"3":{"start":{"line":13,"column":4},"end":{"line":13,"column":null}},"4":{"start":{"line":17,"column":4},"end":{"line":17,"column":null}},"5":{"start":{"line":21,"column":17},"end":{"line":21,"column":62}},"6":{"start":{"line":22,"column":4},"end":{"line":22,"column":null}},"7":{"start":{"line":22,"column":15},"end":{"line":22,"column":null}},"8":{"start":{"line":23,"column":4},"end":{"line":23,"column":null}},"9":{"start":{"line":27,"column":16},"end":{"line":27,"column":55}},"10":{"start":{"line":28,"column":4},"end":{"line":28,"column":null}},"11":{"start":{"line":28,"column":14},"end":{"line":28,"column":null}},"12":{"start":{"line":32,"column":23},"end":{"line":32,"column":34}},"13":{"start":{"line":33,"column":4},"end":{"line":33,"column":null}}},"fnMap":{"0":{"name":"userAlreadyExist","decl":{"start":{"line":7,"column":15},"end":{"line":7,"column":31}},"loc":{"start":{"line":7,"column":48},"end":{"line":10,"column":null}}},"1":{"name":"encryptPassword","decl":{"start":{"line":12,"column":15},"end":{"line":12,"column":30}},"loc":{"start":{"line":12,"column":47},"end":{"line":14,"column":null}}},"2":{"name":"registerNewUser","decl":{"start":{"line":16,"column":15},"end":{"line":16,"column":30}},"loc":{"start":{"line":16,"column":65},"end":{"line":18,"column":null}}},"3":{"name":"isUserRegister","decl":{"start":{"line":20,"column":15},"end":{"line":20,"column":29}},"loc":{"start":{"line":20,"column":46},"end":{"line":24,"column":null}}},"4":{"name":"verifyPasswordIsCorrect","decl":{"start":{"line":26,"column":9},"end":{"line":26,"column":32}},"loc":{"start":{"line":26,"column":68},"end":{"line":29,"column":1}}},"5":{"name":"generateToken","decl":{"start":{"line":31,"column":9},"end":{"line":31,"column":22}},"loc":{"start":{"line":31,"column":37},"end":{"line":34,"column":1}}}},"branchMap":{"0":{"loc":{"start":{"line":9,"column":4},"end":{"line":9,"column":null}},"type":"if","locations":[{"start":{"line":9,"column":4},"end":{"line":9,"column":null}}]},"1":{"loc":{"start":{"line":22,"column":4},"end":{"line":22,"column":null}},"type":"if","locations":[{"start":{"line":22,"column":4},"end":{"line":22,"column":null}}]},"2":{"loc":{"start":{"line":28,"column":4},"end":{"line":28,"column":null}},"type":"if","locations":[{"start":{"line":28,"column":4},"end":{"line":28,"column":null}}]}},"s":{"0":2,"1":2,"2":1,"3":1,"4":0,"5":2,"6":2,"7":1,"8":2,"9":2,"10":2,"11":1,"12":1,"13":1},"f":{"0":2,"1":1,"2":0,"3":2,"4":2,"5":1},"b":{"0":[1],"1":[1],"2":[1]}}
,"/home/marco/Área de Trabalho/driven/chega-logo/chega-logo-api/src/services/placesService.ts": {"path":"/home/marco/Área de Trabalho/driven/chega-logo/chega-logo-api/src/services/placesService.ts","statementMap":{"0":{"start":{"line":8,"column":4},"end":{"line":8,"column":null}},"1":{"start":{"line":8,"column":15},"end":{"line":8,"column":null}},"2":{"start":{"line":9,"column":4},"end":{"line":9,"column":null}},"3":{"start":{"line":9,"column":16},"end":{"line":9,"column":null}},"4":{"start":{"line":10,"column":4},"end":{"line":10,"column":null}},"5":{"start":{"line":14,"column":25},"end":{"line":14,"column":39}},"6":{"start":{"line":15,"column":4},"end":{"line":15,"column":null}},"7":{"start":{"line":16,"column":4},"end":{"line":16,"column":null}},"8":{"start":{"line":17,"column":4},"end":{"line":17,"column":null}},"9":{"start":{"line":21,"column":23},"end":{"line":23,"column":6}},"10":{"start":{"line":24,"column":35},"end":{"line":24,"column":37}},"11":{"start":{"line":26,"column":4},"end":{"line":33,"column":null}},"12":{"start":{"line":26,"column":29},"end":{"line":26,"column":39}},"13":{"start":{"line":26,"column":29},"end":{"line":26,"column":null}},"14":{"start":{"line":26,"column":25},"end":{"line":26,"column":29}},"15":{"start":{"line":27,"column":32},"end":{"line":27,"column":47}},"16":{"start":{"line":28,"column":8},"end":{"line":32,"column":null}},"17":{"start":{"line":34,"column":4},"end":{"line":34,"column":null}},"18":{"start":{"line":35,"column":4},"end":{"line":35,"column":null}},"19":{"start":{"line":39,"column":4},"end":{"line":44,"column":null}},"20":{"start":{"line":39,"column":30},"end":{"line":39,"column":36}},"21":{"start":{"line":39,"column":26},"end":{"line":39,"column":30}},"22":{"start":{"line":40,"column":20},"end":{"line":40,"column":66}},"23":{"start":{"line":41,"column":8},"end":{"line":43,"column":null}},"24":{"start":{"line":42,"column":12},"end":{"line":42,"column":null}},"25":{"start":{"line":48,"column":18},"end":{"line":48,"column":58}},"26":{"start":{"line":49,"column":4},"end":{"line":49,"column":null}},"27":{"start":{"line":49,"column":16},"end":{"line":49,"column":null}},"28":{"start":{"line":53,"column":4},"end":{"line":53,"column":null}}},"fnMap":{"0":{"name":"getAllPlaces","decl":{"start":{"line":7,"column":15},"end":{"line":7,"column":27}},"loc":{"start":{"line":7,"column":55},"end":{"line":11,"column":null}}},"1":{"name":"createReader","decl":{"start":{"line":13,"column":9},"end":{"line":13,"column":21}},"loc":{"start":{"line":13,"column":33},"end":{"line":18,"column":1}}},"2":{"name":"readOfLineCsv","decl":{"start":{"line":20,"column":15},"end":{"line":20,"column":28}},"loc":{"start":{"line":20,"column":46},"end":{"line":36,"column":null}}},"3":{"name":"insertUnregisteredPlaces","decl":{"start":{"line":38,"column":15},"end":{"line":38,"column":39}},"loc":{"start":{"line":38,"column":62},"end":{"line":45,"column":null}}},"4":{"name":"isPlaceRegistered","decl":{"start":{"line":47,"column":15},"end":{"line":47,"column":32}},"loc":{"start":{"line":47,"column":43},"end":{"line":50,"column":null}}},"5":{"name":"deletePlace","decl":{"start":{"line":52,"column":15},"end":{"line":52,"column":26}},"loc":{"start":{"line":52,"column":37},"end":{"line":54,"column":null}}}},"branchMap":{"0":{"loc":{"start":{"line":8,"column":4},"end":{"line":8,"column":null}},"type":"if","locations":[{"start":{"line":8,"column":4},"end":{"line":8,"column":null}}]},"1":{"loc":{"start":{"line":9,"column":4},"end":{"line":9,"column":null}},"type":"if","locations":[{"start":{"line":9,"column":4},"end":{"line":9,"column":null}}]},"2":{"loc":{"start":{"line":41,"column":8},"end":{"line":43,"column":null}},"type":"if","locations":[{"start":{"line":41,"column":8},"end":{"line":43,"column":null}}]},"3":{"loc":{"start":{"line":49,"column":4},"end":{"line":49,"column":null}},"type":"if","locations":[{"start":{"line":49,"column":4},"end":{"line":49,"column":null}}]}},"s":{"0":1,"1":0,"2":1,"3":0,"4":1,"5":1,"6":1,"7":1,"8":1,"9":1,"10":1,"11":1,"12":859,"13":1,"14":429,"15":429,"16":429,"17":1,"18":1,"19":2,"20":4,"21":2,"22":2,"23":2,"24":1,"25":2,"26":2,"27":1,"28":1},"f":{"0":1,"1":1,"2":1,"3":2,"4":2,"5":1},"b":{"0":[0],"1":[0],"2":[1],"3":[1]}}
,"/home/marco/Área de Trabalho/driven/chega-logo/chega-logo-api/src/services/revenuesServices.ts": {"path":"/home/marco/Área de Trabalho/driven/chega-logo/chega-logo-api/src/services/revenuesServices.ts","statementMap":{"0":{"start":{"line":6,"column":4},"end":{"line":6,"column":null}},"1":{"start":{"line":10,"column":23},"end":{"line":23,"column":null}},"2":{"start":{"line":24,"column":4},"end":{"line":30,"column":null}},"3":{"start":{"line":25,"column":8},"end":{"line":29,"column":null}},"4":{"start":{"line":35,"column":20},"end":{"line":35,"column":22}},"5":{"start":{"line":36,"column":17},"end":{"line":49,"column":null}},"6":{"start":{"line":51,"column":20},"end":{"line":51,"column":21}},"7":{"start":{"line":52,"column":21},"end":{"line":52,"column":22}},"8":{"start":{"line":54,"column":4},"end":{"line":63,"column":null}},"9":{"start":{"line":55,"column":20},"end":{"line":55,"column":108}},"10":{"start":{"line":56,"column":8},"end":{"line":56,"column":35}},"11":{"start":{"line":56,"column":29},"end":{"line":56,"column":35}},"12":{"start":{"line":57,"column":8},"end":{"line":60,"column":null}},"13":{"start":{"line":61,"column":8},"end":{"line":61,"column":null}},"14":{"start":{"line":62,"column":8},"end":{"line":62,"column":null}},"15":{"start":{"line":65,"column":18},"end":{"line":69,"column":null}},"16":{"start":{"line":71,"column":4},"end":{"line":71,"column":null}}},"fnMap":{"0":{"name":"insertRevenue","decl":{"start":{"line":5,"column":15},"end":{"line":5,"column":28}},"loc":{"start":{"line":5,"column":58},"end":{"line":7,"column":null}}},"1":{"name":"getLastTwelveMonthYear","decl":{"start":{"line":9,"column":9},"end":{"line":9,"column":31}},"loc":{"start":{"line":9,"column":31},"end":{"line":31,"column":1}}},"2":{"name":"(anonymous_10)","decl":{"start":{"line":24,"column":26},"end":{"line":24,"column":31}},"loc":{"start":{"line":24,"column":34},"end":{"line":30,"column":5}}},"3":{"name":"mappingBalanceLastMonth","decl":{"start":{"line":33,"column":15},"end":{"line":33,"column":38}},"loc":{"start":{"line":33,"column":75},"end":{"line":72,"column":null}}}},"branchMap":{"0":{"loc":{"start":{"line":56,"column":8},"end":{"line":56,"column":35}},"type":"if","locations":[{"start":{"line":56,"column":8},"end":{"line":56,"column":35}}]}},"s":{"0":0,"1":1,"2":1,"3":12,"4":2,"5":2,"6":2,"7":2,"8":2,"9":2,"10":2,"11":1,"12":1,"13":1,"14":1,"15":1,"16":1},"f":{"0":0,"1":1,"2":12,"3":2},"b":{"0":[1]}}
,"/home/marco/Área de Trabalho/driven/chega-logo/chega-logo-api/src/services/trucksService.ts": {"path":"/home/marco/Área de Trabalho/driven/chega-logo/chega-logo-api/src/services/trucksService.ts","statementMap":{"0":{"start":{"line":6,"column":18},"end":{"line":6,"column":78}},"1":{"start":{"line":7,"column":4},"end":{"line":7,"column":null}},"2":{"start":{"line":7,"column":14},"end":{"line":7,"column":null}},"3":{"start":{"line":11,"column":18},"end":{"line":11,"column":78}},"4":{"start":{"line":12,"column":4},"end":{"line":12,"column":null}},"5":{"start":{"line":12,"column":15},"end":{"line":12,"column":null}},"6":{"start":{"line":16,"column":4},"end":{"line":16,"column":null}},"7":{"start":{"line":20,"column":4},"end":{"line":20,"column":null}},"8":{"start":{"line":20,"column":14},"end":{"line":20,"column":null}},"9":{"start":{"line":21,"column":4},"end":{"line":21,"column":null}},"10":{"start":{"line":21,"column":15},"end":{"line":21,"column":null}},"11":{"start":{"line":22,"column":4},"end":{"line":22,"column":null}},"12":{"start":{"line":26,"column":4},"end":{"line":26,"column":null}},"13":{"start":{"line":30,"column":4},"end":{"line":30,"column":null}}},"fnMap":{"0":{"name":"truckAlreadyExist","decl":{"start":{"line":5,"column":15},"end":{"line":5,"column":32}},"loc":{"start":{"line":5,"column":53},"end":{"line":8,"column":null}}},"1":{"name":"isTruckRegister","decl":{"start":{"line":10,"column":15},"end":{"line":10,"column":30}},"loc":{"start":{"line":10,"column":51},"end":{"line":13,"column":null}}},"2":{"name":"registerNewTruck","decl":{"start":{"line":15,"column":15},"end":{"line":15,"column":31}},"loc":{"start":{"line":15,"column":50},"end":{"line":17,"column":null}}},"3":{"name":"getAllTrucks","decl":{"start":{"line":19,"column":15},"end":{"line":19,"column":27}},"loc":{"start":{"line":19,"column":57},"end":{"line":23,"column":null}}},"4":{"name":"updateTruck","decl":{"start":{"line":25,"column":15},"end":{"line":25,"column":26}},"loc":{"start":{"line":25,"column":45},"end":{"line":27,"column":null}}},"5":{"name":"deleteTruck","decl":{"start":{"line":29,"column":15},"end":{"line":29,"column":26}},"loc":{"start":{"line":29,"column":47},"end":{"line":31,"column":null}}}},"branchMap":{"0":{"loc":{"start":{"line":7,"column":4},"end":{"line":7,"column":null}},"type":"if","locations":[{"start":{"line":7,"column":4},"end":{"line":7,"column":null}}]},"1":{"loc":{"start":{"line":12,"column":4},"end":{"line":12,"column":null}},"type":"if","locations":[{"start":{"line":12,"column":4},"end":{"line":12,"column":null}}]},"2":{"loc":{"start":{"line":20,"column":4},"end":{"line":20,"column":null}},"type":"if","locations":[{"start":{"line":20,"column":4},"end":{"line":20,"column":null}}]},"3":{"loc":{"start":{"line":21,"column":4},"end":{"line":21,"column":null}},"type":"if","locations":[{"start":{"line":21,"column":4},"end":{"line":21,"column":null}}]}},"s":{"0":2,"1":2,"2":1,"3":2,"4":2,"5":1,"6":1,"7":1,"8":1,"9":1,"10":1,"11":1,"12":1,"13":1},"f":{"0":2,"1":2,"2":1,"3":1,"4":1,"5":1},"b":{"0":[1],"1":[1],"2":[1],"3":[1]}}
,"/home/marco/Área de Trabalho/driven/chega-logo/chega-logo-api/src/utils/errors/index.ts": {"path":"/home/marco/Área de Trabalho/driven/chega-logo/chega-logo-api/src/utils/errors/index.ts","statementMap":{"0":{"start":{"line":2,"column":4},"end":{"line":5,"column":null}},"1":{"start":{"line":9,"column":4},"end":{"line":12,"column":null}},"2":{"start":{"line":16,"column":4},"end":{"line":19,"column":null}},"3":{"start":{"line":23,"column":4},"end":{"line":26,"column":null}},"4":{"start":{"line":30,"column":4},"end":{"line":33,"column":null}}},"fnMap":{"0":{"name":"unprocessableEntity","decl":{"start":{"line":1,"column":9},"end":{"line":1,"column":28}},"loc":{"start":{"line":1,"column":45},"end":{"line":6,"column":1}}},"1":{"name":"notFound","decl":{"start":{"line":8,"column":9},"end":{"line":8,"column":17}},"loc":{"start":{"line":8,"column":34},"end":{"line":13,"column":1}}},"2":{"name":"unauthorized","decl":{"start":{"line":15,"column":9},"end":{"line":15,"column":21}},"loc":{"start":{"line":15,"column":38},"end":{"line":20,"column":1}}},"3":{"name":"conflict","decl":{"start":{"line":22,"column":9},"end":{"line":22,"column":17}},"loc":{"start":{"line":22,"column":34},"end":{"line":27,"column":1}}},"4":{"name":"badRequest","decl":{"start":{"line":29,"column":9},"end":{"line":29,"column":19}},"loc":{"start":{"line":29,"column":36},"end":{"line":34,"column":1}}}},"branchMap":{},"s":{"0":0,"1":0,"2":0,"3":0,"4":0},"f":{"0":0,"1":0,"2":0,"3":0,"4":0},"b":{}}
,"/home/marco/Área de Trabalho/driven/chega-logo/chega-logo-api/tests/factories/index.ts": {"path":"/home/marco/Área de Trabalho/driven/chega-logo/chega-logo-api/tests/factories/index.ts","statementMap":{"0":{"start":{"line":7,"column":4},"end":{"line":10,"column":null}},"1":{"start":{"line":14,"column":4},"end":{"line":14,"column":null}},"2":{"start":{"line":18,"column":19},"end":{"line":18,"column":42}},"3":{"start":{"line":19,"column":17},"end":{"line":21,"column":6}},"4":{"start":{"line":22,"column":4},"end":{"line":22,"column":null}},"5":{"start":{"line":26,"column":4},"end":{"line":26,"column":null}},"6":{"start":{"line":30,"column":20},"end":{"line":33,"column":6}},"7":{"start":{"line":31,"column":8},"end":{"line":31,"column":null}},"8":{"start":{"line":32,"column":8},"end":{"line":32,"column":null}},"9":{"start":{"line":34,"column":4},"end":{"line":34,"column":null}},"10":{"start":{"line":38,"column":15},"end":{"line":38,"column":58}},"11":{"start":{"line":39,"column":4},"end":{"line":45,"column":null}},"12":{"start":{"line":46,"column":4},"end":{"line":46,"column":null}},"13":{"start":{"line":50,"column":4},"end":{"line":54,"column":null}},"14":{"start":{"line":51,"column":8},"end":{"line":51,"column":null}},"15":{"start":{"line":53,"column":8},"end":{"line":53,"column":null}},"16":{"start":{"line":58,"column":4},"end":{"line":67,"column":null}},"17":{"start":{"line":58,"column":15},"end":{"line":64,"column":null}},"18":{"start":{"line":66,"column":8},"end":{"line":66,"column":null}},"19":{"start":{"line":71,"column":18},"end":{"line":79,"column":6}},"20":{"start":{"line":80,"column":4},"end":{"line":80,"column":null}},"21":{"start":{"line":84,"column":4},"end":{"line":90,"column":null}},"22":{"start":{"line":94,"column":4},"end":{"line":97,"column":null}},"23":{"start":{"line":101,"column":4},"end":{"line":107,"column":null}}},"fnMap":{"0":{"name":"createValidAuthData","decl":{"start":{"line":6,"column":9},"end":{"line":6,"column":28}},"loc":{"start":{"line":6,"column":28},"end":{"line":11,"column":1}}},"1":{"name":"createInvalidAuthData","decl":{"start":{"line":13,"column":9},"end":{"line":13,"column":30}},"loc":{"start":{"line":13,"column":30},"end":{"line":15,"column":1}}},"2":{"name":"createValidToken","decl":{"start":{"line":17,"column":15},"end":{"line":17,"column":31}},"loc":{"start":{"line":17,"column":31},"end":{"line":23,"column":null}}},"3":{"name":"createInvalidToken","decl":{"start":{"line":25,"column":9},"end":{"line":25,"column":27}},"loc":{"start":{"line":25,"column":27},"end":{"line":27,"column":1}}},"4":{"name":"importCsvFilePlace","decl":{"start":{"line":29,"column":15},"end":{"line":29,"column":33}},"loc":{"start":{"line":29,"column":33},"end":{"line":35,"column":null}}},"5":{"name":"(anonymous_14)","decl":{"start":{"line":30,"column":61},"end":{"line":30,"column":71}},"loc":{"start":{"line":30,"column":80},"end":{"line":33,"column":5}}},"6":{"name":"createPlaceDb","decl":{"start":{"line":37,"column":15},"end":{"line":37,"column":28}},"loc":{"start":{"line":37,"column":28},"end":{"line":47,"column":null}}},"7":{"name":"createFakeValue","decl":{"start":{"line":49,"column":9},"end":{"line":49,"column":24}},"loc":{"start":{"line":49,"column":39},"end":{"line":55,"column":1}}},"8":{"name":"createFakeTruck","decl":{"start":{"line":57,"column":9},"end":{"line":57,"column":24}},"loc":{"start":{"line":57,"column":39},"end":{"line":68,"column":1}}},"9":{"name":"registerFakeTruckDB","decl":{"start":{"line":70,"column":15},"end":{"line":70,"column":34}},"loc":{"start":{"line":70,"column":34},"end":{"line":81,"column":null}}},"10":{"name":"createFakePlace","decl":{"start":{"line":83,"column":9},"end":{"line":83,"column":24}},"loc":{"start":{"line":83,"column":24},"end":{"line":91,"column":1}}},"11":{"name":"lastMonthYear","decl":{"start":{"line":93,"column":9},"end":{"line":93,"column":22}},"loc":{"start":{"line":93,"column":22},"end":{"line":98,"column":1}}},"12":{"name":"createValidTruck","decl":{"start":{"line":100,"column":9},"end":{"line":100,"column":25}},"loc":{"start":{"line":100,"column":25},"end":{"line":108,"column":1}}}},"branchMap":{"0":{"loc":{"start":{"line":50,"column":4},"end":{"line":54,"column":null}},"type":"if","locations":[{"start":{"line":50,"column":4},"end":{"line":54,"column":null}},{"start":{"line":52,"column":11},"end":{"line":54,"column":null}}]},"1":{"loc":{"start":{"line":58,"column":4},"end":{"line":67,"column":null}},"type":"if","locations":[{"start":{"line":58,"column":4},"end":{"line":67,"column":null}},{"start":{"line":65,"column":9},"end":{"line":67,"column":null}}]}},"s":{"0":7,"1":0,"2":0,"3":0,"4":0,"5":0,"6":0,"7":0,"8":0,"9":0,"10":0,"11":0,"12":0,"13":0,"14":0,"15":0,"16":0,"17":0,"18":0,"19":0,"20":0,"21":2,"22":2,"23":2},"f":{"0":7,"1":0,"2":0,"3":0,"4":0,"5":0,"6":0,"7":0,"8":0,"9":0,"10":2,"11":2,"12":2},"b":{"0":[0,0],"1":[0,0]}}
,"/home/marco/Área de Trabalho/driven/chega-logo/chega-logo-api/tests/factories/mocks.ts": {"path":"/home/marco/Área de Trabalho/driven/chega-logo/chega-logo-api/tests/factories/mocks.ts","statementMap":{"0":{"start":{"line":1,"column":17},"end":{"line":1,"column":448}}},"fnMap":{},"branchMap":{},"s":{"0":1},"f":{},"b":{}}
}
