TN:
SF:src/config/dataBase.ts
FNF:0
FNH:0
DA:3,4
DA:4,4
LF:2
LH:2
BRF:0
BRH:0
end_of_record
TN:
SF:src/repositories/placesRepository.ts
FN:4,findAllPlaces
FN:11,findPlaceById
FN:17,createPlaceDb
FN:23,deletePlaceById
FNF:4
FNH:1
FNDA:0,findAllPlaces
FNDA:0,findPlaceById
FNDA:1,createPlaceDb
FNDA:0,deletePlaceById
DA:5,0
DA:12,0
DA:18,1
DA:24,0
LF:4
LH:1
BRF:0
BRH:0
end_of_record
TN:
SF:src/repositories/revenuesRepository.ts
FN:3,createRevenue
FN:9,getBalanceByMonthYear
FNF:2
FNH:0
FNDA:0,createRevenue
FNDA:0,getBalanceByMonthYear
DA:4,0
DA:10,0
LF:2
LH:0
BRF:0
BRH:0
end_of_record
TN:
SF:src/repositories/trucksRepository.ts
FN:4,findTruckByLicensePlate
FN:10,upsertTruck
FN:20,deleteTruckByLicensePlate
FN:26,findAllTrucks
FNF:4
FNH:0
FNDA:0,findTruckByLicensePlate
FNDA:0,upsertTruck
FNDA:0,deleteTruckByLicensePlate
FNDA:0,findAllTrucks
DA:5,0
DA:11,0
DA:21,0
DA:27,0
LF:4
LH:0
BRF:0
BRH:0
end_of_record
TN:
SF:src/repositories/userRepository.ts
FN:4,findUserByName
FN:10,createUser
FNF:2
FNH:0
FNDA:0,findUserByName
FNDA:0,createUser
DA:5,0
DA:11,0
LF:2
LH:0
BRF:0
BRH:0
end_of_record
TN:
SF:src/services/authService.ts
FN:7,userAlreadyExist
FN:12,encryptPassword
FN:16,registerNewUser
FN:20,isUserRegister
FN:26,verifyPasswordIsCorrect
FN:31,generateToken
FNF:6
FNH:5
FNDA:2,userAlreadyExist
FNDA:1,encryptPassword
FNDA:0,registerNewUser
FNDA:2,isUserRegister
FNDA:2,verifyPasswordIsCorrect
FNDA:1,generateToken
DA:8,2
DA:9,2
DA:13,1
DA:17,0
DA:21,2
DA:22,2
DA:23,2
DA:27,2
DA:28,2
DA:32,1
DA:33,1
LF:11
LH:10
BRDA:9,0,0,1
BRDA:22,1,0,1
BRDA:28,2,0,1
BRF:3
BRH:3
end_of_record
TN:
SF:src/services/placesService.ts
FN:7,getAllPlaces
FN:13,createReader
FN:20,readOfLineCsv
FN:38,insertUnregisteredPlaces
FN:47,isPlaceRegistered
FN:52,deletePlace
FNF:6
FNH:6
FNDA:1,getAllPlaces
FNDA:1,createReader
FNDA:1,readOfLineCsv
FNDA:2,insertUnregisteredPlaces
FNDA:2,isPlaceRegistered
FNDA:1,deletePlace
DA:8,1
DA:9,1
DA:10,1
DA:14,1
DA:15,1
DA:16,1
DA:17,1
DA:21,1
DA:24,1
DA:26,859
DA:27,429
DA:28,429
DA:34,1
DA:35,1
DA:39,4
DA:40,2
DA:41,2
DA:42,1
DA:48,2
DA:49,2
DA:53,1
LF:21
LH:21
BRDA:8,0,0,0
BRDA:9,1,0,0
BRDA:41,2,0,1
BRDA:49,3,0,1
BRF:4
BRH:2
end_of_record
TN:
SF:src/services/revenuesServices.ts
FN:5,insertRevenue
FN:9,getLastTwelveMonthYear
FN:24,(anonymous_10)
FN:33,mappingBalanceLastMonth
FNF:4
FNH:3
FNDA:0,insertRevenue
FNDA:1,getLastTwelveMonthYear
FNDA:12,(anonymous_10)
FNDA:2,mappingBalanceLastMonth
DA:6,0
DA:10,1
DA:24,1
DA:25,12
DA:35,2
DA:36,2
DA:51,2
DA:52,2
DA:54,2
DA:55,2
DA:56,2
DA:57,1
DA:61,1
DA:62,1
DA:65,1
DA:71,1
LF:16
LH:15
BRDA:56,0,0,1
BRF:1
BRH:1
end_of_record
TN:
SF:src/services/trucksService.ts
FN:5,truckAlreadyExist
FN:10,isTruckRegister
FN:15,registerNewTruck
FN:19,getAllTrucks
FN:25,updateTruck
FN:29,deleteTruck
FNF:6
FNH:6
FNDA:2,truckAlreadyExist
FNDA:2,isTruckRegister
FNDA:1,registerNewTruck
FNDA:1,getAllTrucks
FNDA:1,updateTruck
FNDA:1,deleteTruck
DA:6,2
DA:7,2
DA:11,2
DA:12,2
DA:16,1
DA:20,1
DA:21,1
DA:22,1
DA:26,1
DA:30,1
LF:10
LH:10
BRDA:7,0,0,1
BRDA:12,1,0,1
BRDA:20,2,0,1
BRDA:21,3,0,1
BRF:4
BRH:4
end_of_record
TN:
SF:src/utils/errors/index.ts
FN:1,unprocessableEntity
FN:8,notFound
FN:15,unauthorized
FN:22,conflict
FN:29,badRequest
FNF:5
FNH:0
FNDA:0,unprocessableEntity
FNDA:0,notFound
FNDA:0,unauthorized
FNDA:0,conflict
FNDA:0,badRequest
DA:2,0
DA:9,0
DA:16,0
DA:23,0
DA:30,0
LF:5
LH:0
BRF:0
BRH:0
end_of_record
TN:
SF:tests/factories/index.ts
FN:6,createValidAuthData
FN:13,createInvalidAuthData
FN:17,createValidToken
FN:25,createInvalidToken
FN:29,importCsvFilePlace
FN:30,(anonymous_14)
FN:37,createPlaceDb
FN:49,createFakeValue
FN:57,createFakeTruck
FN:70,registerFakeTruckDB
FN:83,createFakePlace
FN:93,lastMonthYear
FN:100,createValidTruck
FNF:13
FNH:4
FNDA:7,createValidAuthData
FNDA:0,createInvalidAuthData
FNDA:0,createValidToken
FNDA:0,createInvalidToken
FNDA:0,importCsvFilePlace
FNDA:0,(anonymous_14)
FNDA:0,createPlaceDb
FNDA:0,createFakeValue
FNDA:0,createFakeTruck
FNDA:0,registerFakeTruckDB
FNDA:2,createFakePlace
FNDA:2,lastMonthYear
FNDA:2,createValidTruck
DA:7,7
DA:14,0
DA:18,0
DA:19,0
DA:22,0
DA:26,0
DA:30,0
DA:31,0
DA:32,0
DA:34,0
DA:38,0
DA:39,0
DA:46,0
DA:50,0
DA:51,0
DA:53,0
DA:58,0
DA:66,0
DA:71,0
DA:80,0
DA:84,2
DA:94,2
DA:101,2
LF:23
LH:4
BRDA:50,0,0,0
BRDA:50,0,1,0
BRDA:58,1,0,0
BRDA:58,1,1,0
BRF:4
BRH:0
end_of_record
TN:
SF:tests/factories/mocks.ts
FNF:0
FNH:0
DA:1,1
LF:1
LH:1
BRF:0
BRH:0
end_of_record
